1525733816
1525729362
1525727734
1525727718
1525726620
1525726405
1525723944
1524941030
1524623834
1524622050
1524621703
1524621479
1524621130
1524621123
1524621102
1524621090
1524621072
1524621057
1524618470
1524618454
1524617160
1524616975
1524616895
1524616228
1524616225
1524616181
1524616166
1524616144
1524615996
1524612246
1524612214
1524612158
1524612148
1524612134
1524608014
1524607950
1524607914
1524573324
1524572886
1524572694
1524572683
1524572674
1524572652
1524572643
1524572615
1524572589
1524570345
1524570331
1524570315
1524569721
1524569713
1524568637
1524568609
1524568597
1524568085
1524568073
1524568059
1524567875
1524566873
1524566077
1524566066
1524566039
1524564842
1524564820
1524564802
1524564787
1524564754
1524562930
1524562912
1524562896
1524562859
1524562850
1524562827
1524562776
1524552832
1524552807
1524552793
1524552782
1524552764
1524552027
1524552013
1524551990
1524551972
1524551951
1524551925
1524549798
1524549782
1524549744
1524549729
1524549715
1524549699
1524549667
1524539508
1524539493
1524537222
1524537195
1524537128
1524537100
1524537082
1524537071
1524537044
1524537024
1524537013
1524536998
1524534522
1524534452
1524534427
1524533175
1524531896
1524530439
1524530355
1524530326
1524528811
1524528801
1524500235
1524500216
1524499246
1524499216
1524499193
1524497671
1524496891
1524496741
1524496676
1524496646
1524495990
1524495983
1524495967
1524494777
1524494768
1524494714
1524494693
1524493927
1524493893
1524492610
1524492579
1524492557
1524492513
1524484751
1524484732
1524484718
1524484683
1524479015
1524478940
1524478920
1524478909
1524478895
1524478876
1524478864
1524478846
1524471406
1524471286
1524471273
1524447383
1524447374
1524447356
1524447335
1524410933
1524410429
1524410411
1524410395
1524408882
1524408871
1524408682
1524408672
1524408522
1524408513
1524408502
1524408495
1524408402
1524408360
1524397197
1524397190
1524396975
1524396966
1524396953
1524395306
1524395296
1524395181
1524395150
1524395140
1524395123
1524395104
1524393716
1524393467
1524393125
1524393076
1524392285
1524392217
1524392199
1524389540
1524389320
1524388762
1524388747
1524388719
1524382853
1524382836
1524382825
1524380802
1524380777
1524380764
1524380338
1524380323
1524380307
1524378596
1524378427
1524378324
1524378230
1524378188
1524374076
1524373445
1524372965
1524372098
1524371773
1524371030
1524370744
1524370721
1524359240
1524359227
1524359201
1524356863
1524356319
1524356266
1524355481
1524355434
1524355385
1524224788
1524223252
1524223235
1524223226
1524223206
1524223192
1524223183
1524013995
1524013940
1524013182
1524012907
1524012873
1524012671
1524012600
1524012584
1524010959
1524010936
1524010917
1524010886
1524010865
1524010833
1524010805
1524010788
1524010725
1524010717
1524004581
1523996160
1523996142
1523996099
1523996071
1523996053
1523992675
1523992564
1523992490
1523992436
1523992408
1523984364
1523983363
1523929586
1523929570
1523919284
1523919233
1523919177
1523919162
1523919121
1523919074
1523919033
1523875137
1523875125
1523875105
1523875093
1523875073
1523875054
1523875034
1523875005
1523866706
1523866645
1523866627
1523866607
1523866596
1523866570
1523863556
1523863338
1523863285
1523863272
1523863236
1523863174
1523863122
1523863093
1523863065
1523861549
1523861152
1523861129
1523861073
1523861012
1523860990
1523855839
1523855813
1523855798
1523855781
1523854820
1523854778
1523854765
1523852582
1523852545
1523852268
1523852183
1523852169
1523852144
1523852127
1523852111
1523852080
1523852026
1523852013
1523851991
1523851943
1523851895
1523851873
1523851851
1523851827
1523851791
1523848334
1523848310
1523848294
1523848255
1523848213
1523848164
1523848138
1523848116
1523848076
1523836084
1523836065
1523835399
1523835389
1523835183
1523835155
1523835105
1523835048
1523835016
1523832461
1523832451
1523832436
1523832415
1523832331
1523827464
1523827429
1523827409
1523827390
1523827376
1523827358
1523827346
1523827299
1523794567
1523771126
1523771107
1523761844
1523761595
1523761236
1523761151
1523761120
1523761111
1523760499
1523760435
1523760403
1523756978
1523756961
1523756946
1523753900
1523753858
1523751852
1523751816
1523749463
1523749429
1523749402
1523749385
1523749361
1523748016
1523747861
1523747839
1523747806
1523747783
1523747720
1523747712
1523735963
1523733629
1523733591
1523726584
1523726562
1523725985
1523725951
1523725935
1523724872
1523724814
1523724767
1523723272
1523723242
1523723220
1523723206
1523723197
1523723175
1523716502
1523716473
1523716445
1523713374
1523713297
1523707816
1523707769
1523707757
1523707131
1523707082
1523707064
1523707043
1523705949
1523705937
1523705922
1523705913
1523705881
1523705869
1523703534
1523678821
1523678804
1523678779
1523675916
1523675436
1523669244
1523669155
1523668848
1523667605
1523667489
1523666684
1523666314
1523666296
1523666279
1523603528
1523602535
1523602523
1523601739
1523600905
1523600868
1523600837
1523600816
1523600800
1523600784
1523600769
1523599213
1523599110
1523599075
1523599036
1523599022
1523595353
1523595329
1523594857
1523594846
1523594818
1523593374
1523587865
1523587809
1523587795
1523587619
1523587602
1523583216
1523583173
1523583118
1523583081
1523583056
1523583035
1523580633
1523580514
1523580490
1523580429
1523580392
1523578908
1523577144
1523577099
1523577061
1523577035
1523576362
1523576349
1523576322
1523575599
1523575516
1523575466
1523575438
1523575413
1523575391
1523575356
1523575335
1523575309
1523575285
1523575248
1523571639
1523571604
1523571582
1523571551
1523571523
1523570605
1523568220
1523568206
1523564640
1523564618
1523558578
1523555953
1523555869
1523555842
1523555832
1523555802
1523555732
1523482740
1523481944
1523481913
1523481887
1523481821
1523481746
1523481696
1523481686
1523481668
1523254333
1523251965
1523249935
1523249919
1523249881
1523249852
1523249821
1523249793
1523249772
1523249740
1523249695
1523236107
1523235791
1523235775
1523235763
1523235729
1523235682
1523233091
1523232926
1523230795
1523229585
1523229563
1523228270
1523228188
1523228120
1523228095
1523215177
1523215156
1523215091
1523215055
1523207080
1523207053
1523206922
1523206599
1523206226
1523206166
1523206134
1523206055
1523200957
1523200932
1523200909
1523198951
1523198914
1523198893
1523198873
1523198835
1523198825
1523188662
1523188641
1523188631
1523188603
1523188577
1523169106
1523169089
1523135867
1523129400
1523129391
1523129380
1523129358
1523129304
1523126580
1523126258
1523126139
1523126131
1523124661
1523124424
1523122616
1523122598
1523122560
1523122543
1523120825
1523120814
1523117796
1523056781
1523056521
1523056503
1523055576
1523055557
1523054783
1523054724
1523054586
1523054522
1523054493
1523053367
1523053056
1523053042
1523052678
1523052667
1523052296
1523051689
1523051667
1523051614
1523051591
1523051580
1523046709
1523046597
1523039055
1523038998
1523038988
1523036748
1523035224
1523035211
1523034943
1523030668
1523029992
1523029931
1523029225
1523029199
1523029186
1523028637
1523028593
1523027857
1523027263
1523026710
1523026676
1523026666
1523026647
1523026625
1523026609
1523026578
1523026553
